
Showing logs for build [32mmeta-daniyalj-weather-app-maste-1[0m stage [32mmeta-pipeline[0m and container [32mstep-credential-initializer-d88rc[0m
{"level":"warn","ts":1574200007.5516853,"logger":"fallback-logger","caller":"logging/config.go:69","msg":"Fetch GitHub commit ID from kodata failed: \"ref: refs/heads/master\" is not a valid GitHub commit ID"}
{"level":"info","ts":1574200007.5526555,"logger":"fallback-logger","caller":"creds-init/main.go:40","msg":"Credentials initialized."}

Showing logs for build [32mmeta-daniyalj-weather-app-maste-1[0m stage [32mmeta-pipeline[0m and container [32mstep-working-dir-initializer-7njsx[0m
{"level":"warn","ts":1574200007.9193397,"logger":"fallback-logger","caller":"logging/config.go:69","msg":"Fetch GitHub commit ID from kodata failed: open /var/run/ko/HEAD: no such file or directory"}
{"level":"info","ts":1574200007.9205155,"logger":"fallback-logger","caller":"bash/main.go:65","msg":"Successfully executed command \"mkdir -p /workspace/source\""}

Showing logs for build [32mmeta-daniyalj-weather-app-maste-1[0m stage [32mmeta-pipeline[0m and container [32mstep-place-tools[0m

Showing logs for build [32mmeta-daniyalj-weather-app-maste-1[0m stage [32mmeta-pipeline[0m and container [32mstep-git-source-meta-daniyalj-weather-app-maste-wxzh4[0m
{"level":"warn","ts":1574200012.9783657,"logger":"fallback-logger","caller":"logging/config.go:69","msg":"Fetch GitHub commit ID from kodata failed: \"ref: refs/heads/master\" is not a valid GitHub commit ID"}
{"level":"info","ts":1574200013.7472174,"logger":"fallback-logger","caller":"git/git.go:102","msg":"Successfully cloned https://github.com/********/weather-app.git @ 6449f475f3aeba3578c5dd47f5b2943a8d3f5ee6 in path /workspace/source"}

Showing logs for build [32mmeta-daniyalj-weather-app-maste-1[0m stage [32mmeta-pipeline[0m and container [32mstep-git-merge[0m
Using SHAs from PULL_REFS=master:6449f475f3aeba3578c5dd47f5b2943a8d3f5ee6
WARNING: no SHAs to merge, falling back to initial cloned commit

Showing logs for build [32mmeta-daniyalj-weather-app-maste-1[0m stage [32mmeta-pipeline[0m and container [32mstep-merge-pull-refs[0m
SKIP merge-pull-refs: Nothing to merge

Showing logs for build [32mmeta-daniyalj-weather-app-maste-1[0m stage [32mmeta-pipeline[0m and container [32mstep-create-effective-pipeline[0m
Cloning the Jenkins X versions repo https://github.com/jenkins-x/jenkins-x-versions.git with ref refs/heads/master to /builder/home/.**/jenkins-x-versions
performing pack detection in folder /workspace/source
--> Draft detected Coq (100.000000%)
--> Could not find a pack for Coq. Trying to find the next likely language match...
error: failed to discover the build pack: failed to discover task pack in dir /workspace/source: there was an error detecting the language using packs from /builder/home/.**/draft/packs/github.com/jenkins-x-buildpacks/jenkins-x-kubernetes/packs
[31m
Pipeline failed on stage 'meta-pipeline' : container 'step-create-effective-pipeline'. The execution of the pipeline has stopped.[0m
